Параметры обработки:
  Субъект: S1
  Длительность стимула: 250 мс
  Временное окно: -50 с – 300 с
  Частотный диапазон: 40–850 Гц
  Порядок фильтра: 100
  Порог амплитуды: 35 мкВ
.Extracting EDF parameters from \\MCSSERVER\DB Temp\physionet.org\FFR\data\non_filt\preamplifier\ffr_da_N4000_non_filtS1preamplifier.BDF...
BDF file detected
Setting channel info structure...
Creating raw.info structure...
.Reading 0 ... 18099999  =      0.000 ...  1810.000 secs...
........Creating RawArray with float64 data, n_channels=1, n_times=18100000
    Range : 0 ... 18099999 =      0.000 ...  1810.000 secs
Ready.
Used Annotations descriptions: [np.str_('6_high'), np.str_('6_low'), np.str_('7_high'), np.str_('7_low')]
Not setting metadata
3998 matching events found
Applying baseline correction (mode: mean)
0 projection items activated
Using data from preloaded Raw for 3998 events and 3501 original time points ...
..0 bad epochs dropped
Artifacts — amplitude: 197 эпох
......Artifacts — trend: 705 эпох
Artifacts — difference between 2 adjacent time points: 6 эпох
Total artifactual epochs (combined): 854 epochs
Dropped 854 epochs: 3, 16, 21, 26, 34, 36, 53, 68, 69, 71, 72, 74, 80, 81, 87, 88, 89, 90, 91, 92, 93, 95, 96, 97, 112, 119, 121, 122, 123, 125, 141, 144, 146, 147, 156, 157, 161, 167, 175, 180, 181, 195, 200, 206, 231, 233, 234, 236, 247, 248, 253, 259, 261, 264, 266, 267, 270, 289, 290, 291, 292, 293, 296, 297, 300, 301, 302, 305, 306, 307, 311, 313, 315, 318, 320, 325, 326, 332, 339, 346, 351, 352, 354, 356, 357, 358, 359, 360, 363, 367, 369, 371, 373, 374, 378, 379, 382, 383, 384, 385, 386, 387, 388, 389, 406, 407, 411, 415, 422, 434, 437, 445, 448, 456, 462, 471, 489, 490, 491, 492, 498, 502, 504, 520, 528, 530, 532, 533, 541, 543, 544, 545, 567, 582, 583, 589, 598, 602, 609, 612, 625, 627, 628, 630, 636, 638, 640, 643, 653, 655, 656, 658, 660, 667, 679, 685, 696, 697, 703, 715, 718, 722, 724, 725, 726, 727, 728, 729, 732, 734, 737, 738, 740, 745, 754, 755, 759, 780, 783, 785, 786, 787, 788, 789, 792, 794, 795, 796, 798, 799, 801, 803, 804, 809, 822, 825, 826, 828, 829, 831, 833, 835, 840, 843, 852, 859, 871, 874, 883, 884, 898, 904, 916, 917, 918, 919, 920, 921, 922, 923, 924, 925, 926, 929, 931, 938, 939, 941, 946, 947, 957, 960, 969, 970, 973, 978, 986, 990, 1004, 1009, 1016, 1017, 1020, 1022, 1046, 1047, 1057, 1070, 1079, 1083, 1091, 1092, 1093, 1105, 1106, 1107, 1108, 1110, 1111, 1112, 1113, 1116, 1117, 1119, 1124, 1129, 1134, 1137, 1152, 1171, 1175, 1184, 1188, 1189, 1191, 1206, 1207, 1213, 1214, 1220, 1225, 1226, 1228, 1237, 1242, 1245, 1246, 1248, 1250, 1252, 1258, 1260, 1266, 1267, 1271, 1283, 1290, 1301, 1309, 1325, 1327, 1340, 1350, 1354, 1355, 1362, 1365, 1376, 1380, 1381, 1382, 1383, 1394, 1395, 1415, 1416, 1425, 1429, 1434, 1439, 1445, 1451, 1459, 1461, 1463, 1464, 1467, 1473, 1482, 1483, 1486, 1496, 1500, 1506, 1511, 1528, 1536, 1542, 1548, 1551, 1553, 1554, 1563, 1568, 1569, 1570, 1572, 1573, 1575, 1580, 1581, 1584, 1587, 1590, 1592, 1594, 1595, 1596, 1597, 1598, 1599, 1601, 1602, 1604, 1606, 1609, 1611, 1613, 1615, 1616, 1617, 1623, 1624, 1635, 1643, 1646, 1647, 1648, 1652, 1653, 1654, 1655, 1656, 1657, 1658, 1662, 1663, 1665, 1666, 1673, 1679, 1681, 1683, 1691, 1692, 1693, 1694, 1696, 1703, 1709, 1710, 1720, 1738, 1740, 1757, 1758, 1763, 1766, 1773, 1779, 1790, 1792, 1819, 1832, 1833, 1834, 1836, 1837, 1841, 1842, 1843, 1844, 1846, 1847, 1848, 1849, 1854, 1857, 1858, 1863, 1875, 1892, 1900, 1901, 1916, 1917, 1927, 1929, 1932, 1935, 1937, 1946, 1947, 1977, 1984, 1989, 1993, 1997, 2000, 2007, 2014, 2023, 2039, 2043, 2046, 2061, 2063, 2067, 2070, 2093, 2100, 2108, 2111, 2114, 2115, 2117, 2119, 2126, 2129, 2134, 2139, 2151, 2153, 2162, 2164, 2168, 2172, 2184, 2187, 2193, 2200, 2207, 2208, 2213, 2217, 2219, 2220, 2221, 2222, 2229, 2234, 2235, 2236, 2237, 2238, 2242, 2249, 2253, 2256, 2257, 2270, 2276, 2289, 2291, 2299, 2302, 2303, 2304, 2309, 2313, 2314, 2317, 2318, 2324, 2325, 2329, 2336, 2337, 2346, 2351, 2355, 2356, 2360, 2363, 2366, 2372, 2377, 2390, 2393, 2397, 2399, 2424, 2425, 2426, 2430, 2433, 2439, 2445, 2455, 2460, 2472, 2476, 2477, 2479, 2482, 2487, 2494, 2504, 2513, 2515, 2529, 2534, 2539, 2544, 2547, 2549, 2553, 2558, 2564, 2567, 2575, 2580, 2586, 2616, 2620, 2625, 2626, 2628, 2629, 2633, 2634, 2635, 2639, 2640, 2649, 2654, 2655, 2656, 2663, 2687, 2695, 2698, 2699, 2702, 2704, 2713, 2725, 2726, 2728, 2737, 2746, 2755, 2758, 2765, 2771, 2773, 2777, 2781, 2795, 2804, 2805, 2806, 2807, 2808, 2809, 2810, 2813, 2814, 2815, 2817, 2819, 2820, 2821, 2822, 2823, 2831, 2832, 2833, 2834, 2835, 2836, 2839, 2848, 2852, 2864, 2870, 2876, 2886, 2887, 2893, 2899, 2904, 2905, 2913, 2916, 2926, 2927, 2931, 2932, 2941, 2943, 2949, 2961, 2967, 2971, 2972, 2978, 2981, 2987, 2994, 2996, 3001, 3005, 3007, 3013, 3014, 3031, 3040, 3056, 3058, 3060, 3064, 3065, 3069, 3071, 3074, 3076, 3080, 3082, 3083, 3084, 3086, 3087, 3089, 3090, 3093, 3101, 3107, 3119, 3122, 3134, 3138, 3139, 3140, 3148, 3153, 3155, 3157, 3170, 3183, 3194, 3198, 3205, 3207, 3210, 3214, 3216, 3218, 3223, 3224, 3225, 3226, 3235, 3247, 3257, 3272, 3282, 3285, 3290, 3297, 3305, 3308, 3310, 3311, 3315, 3327, 3333, 3336, 3350, 3352, 3357, 3359, 3362, 3363, 3367, 3380, 3382, 3402, 3410, 3412, 3428, 3435, 3439, 3441, 3442, 3446, 3448, 3452, 3470, 3472, 3473, 3478, 3483, 3498, 3499, 3514, 3525, 3527, 3532, 3537, 3556, 3578, 3579, 3585, 3588, 3589, 3593, 3599, 3603, 3604, 3611, 3614, 3621, 3622, 3623, 3624, 3625, 3626, 3627, 3628, 3629, 3630, 3631, 3632, 3633, 3634, 3635, 3636, 3637, 3638, 3639, 3640, 3641, 3642, 3643, 3645, 3648, 3649, 3650, 3651, 3652, 3658, 3659, 3660, 3663, 3664, 3669, 3672, 3676, 3677, 3683, 3684, 3685, 3686, 3687, 3688, 3690, 3691, 3692, 3693, 3694, 3698, 3703, 3704, 3711, 3719, 3724, 3727, 3735, 3745, 3753, 3759, 3767, 3786, 3799, 3800, 3801, 3814, 3817, 3826, 3828, 3830, 3836, 3864, 3871, 3877, 3881, 3890, 3893, 3896, 3910, 3921, 3927, 3933, 3934, 3943, 3944, 3945, 3955, 3957, 3978, 3987, 3991, 3994
........... Готово!
Identifying common channels ...
Creating RawArray with float64 data, n_channels=1, n_times=3501
    Range : 0 ... 3500 =      0.000 ...     0.350 secs
Ready.
Overwriting existing file.
Data are successfully saved in : \\MCSSERVER\DB Temp\physionet.org\FFR\data\pics\preamplifier\S1\Grand_Average_S1preamplifier_-0.05ms_0.3ms_FIR_40_850Hz_N[1999, 1999].edf
Need more than one channel to make topography for eeg. Disabling interactivity.
Identifying common channels ...
Extracting EDF parameters from \\MCSSERVER\DB Temp\physionet.org\FFR\data\non_filt\preamplifier\ffr_da_N4000_non_filtS1preamplifier.BDF...
BDF file detected
Setting channel info structure...
Creating raw.info structure...
Reading 0 ... 18099999  =      0.000 ...  1810.000 secs...
Used Annotations descriptions: [np.str_('6_high'), np.str_('6_low'), np.str_('7_high'), np.str_('7_low')]
Not setting metadata
3998 matching events found
Applying baseline correction (mode: mean)
0 projection items activated
Using data from preloaded Raw for 3998 events and 3501 original time points ...
0 bad epochs dropped
Dropped 854 epochs: 3, 16, 21, 26, 34, 36, 53, 68, 69, 71, 72, 74, 80, 81, 87, 88, 89, 90, 91, 92, 93, 95, 96, 97, 112, 119, 121, 122, 123, 125, 141, 144, 146, 147, 156, 157, 161, 167, 175, 180, 181, 195, 200, 206, 231, 233, 234, 236, 247, 248, 253, 259, 261, 264, 266, 267, 270, 289, 290, 291, 292, 293, 296, 297, 300, 301, 302, 305, 306, 307, 311, 313, 315, 318, 320, 325, 326, 332, 339, 346, 351, 352, 354, 356, 357, 358, 359, 360, 363, 367, 369, 371, 373, 374, 378, 379, 382, 383, 384, 385, 386, 387, 388, 389, 406, 407, 411, 415, 422, 434, 437, 445, 448, 456, 462, 471, 489, 490, 491, 492, 498, 502, 504, 520, 528, 530, 532, 533, 541, 543, 544, 545, 567, 582, 583, 589, 598, 602, 609, 612, 625, 627, 628, 630, 636, 638, 640, 643, 653, 655, 656, 658, 660, 667, 679, 685, 696, 697, 703, 715, 718, 722, 724, 725, 726, 727, 728, 729, 732, 734, 737, 738, 740, 745, 754, 755, 759, 780, 783, 785, 786, 787, 788, 789, 792, 794, 795, 796, 798, 799, 801, 803, 804, 809, 822, 825, 826, 828, 829, 831, 833, 835, 840, 843, 852, 859, 871, 874, 883, 884, 898, 904, 916, 917, 918, 919, 920, 921, 922, 923, 924, 925, 926, 929, 931, 938, 939, 941, 946, 947, 957, 960, 969, 970, 973, 978, 986, 990, 1004, 1009, 1016, 1017, 1020, 1022, 1046, 1047, 1057, 1070, 1079, 1083, 1091, 1092, 1093, 1105, 1106, 1107, 1108, 1110, 1111, 1112, 1113, 1116, 1117, 1119, 1124, 1129, 1134, 1137, 1152, 1171, 1175, 1184, 1188, 1189, 1191, 1206, 1207, 1213, 1214, 1220, 1225, 1226, 1228, 1237, 1242, 1245, 1246, 1248, 1250, 1252, 1258, 1260, 1266, 1267, 1271, 1283, 1290, 1301, 1309, 1325, 1327, 1340, 1350, 1354, 1355, 1362, 1365, 1376, 1380, 1381, 1382, 1383, 1394, 1395, 1415, 1416, 1425, 1429, 1434, 1439, 1445, 1451, 1459, 1461, 1463, 1464, 1467, 1473, 1482, 1483, 1486, 1496, 1500, 1506, 1511, 1528, 1536, 1542, 1548, 1551, 1553, 1554, 1563, 1568, 1569, 1570, 1572, 1573, 1575, 1580, 1581, 1584, 1587, 1590, 1592, 1594, 1595, 1596, 1597, 1598, 1599, 1601, 1602, 1604, 1606, 1609, 1611, 1613, 1615, 1616, 1617, 1623, 1624, 1635, 1643, 1646, 1647, 1648, 1652, 1653, 1654, 1655, 1656, 1657, 1658, 1662, 1663, 1665, 1666, 1673, 1679, 1681, 1683, 1691, 1692, 1693, 1694, 1696, 1703, 1709, 1710, 1720, 1738, 1740, 1757, 1758, 1763, 1766, 1773, 1779, 1790, 1792, 1819, 1832, 1833, 1834, 1836, 1837, 1841, 1842, 1843, 1844, 1846, 1847, 1848, 1849, 1854, 1857, 1858, 1863, 1875, 1892, 1900, 1901, 1916, 1917, 1927, 1929, 1932, 1935, 1937, 1946, 1947, 1977, 1984, 1989, 1993, 1997, 2000, 2007, 2014, 2023, 2039, 2043, 2046, 2061, 2063, 2067, 2070, 2093, 2100, 2108, 2111, 2114, 2115, 2117, 2119, 2126, 2129, 2134, 2139, 2151, 2153, 2162, 2164, 2168, 2172, 2184, 2187, 2193, 2200, 2207, 2208, 2213, 2217, 2219, 2220, 2221, 2222, 2229, 2234, 2235, 2236, 2237, 2238, 2242, 2249, 2253, 2256, 2257, 2270, 2276, 2289, 2291, 2299, 2302, 2303, 2304, 2309, 2313, 2314, 2317, 2318, 2324, 2325, 2329, 2336, 2337, 2346, 2351, 2355, 2356, 2360, 2363, 2366, 2372, 2377, 2390, 2393, 2397, 2399, 2424, 2425, 2426, 2430, 2433, 2439, 2445, 2455, 2460, 2472, 2476, 2477, 2479, 2482, 2487, 2494, 2504, 2513, 2515, 2529, 2534, 2539, 2544, 2547, 2549, 2553, 2558, 2564, 2567, 2575, 2580, 2586, 2616, 2620, 2625, 2626, 2628, 2629, 2633, 2634, 2635, 2639, 2640, 2649, 2654, 2655, 2656, 2663, 2687, 2695, 2698, 2699, 2702, 2704, 2713, 2725, 2726, 2728, 2737, 2746, 2755, 2758, 2765, 2771, 2773, 2777, 2781, 2795, 2804, 2805, 2806, 2807, 2808, 2809, 2810, 2813, 2814, 2815, 2817, 2819, 2820, 2821, 2822, 2823, 2831, 2832, 2833, 2834, 2835, 2836, 2839, 2848, 2852, 2864, 2870, 2876, 2886, 2887, 2893, 2899, 2904, 2905, 2913, 2916, 2926, 2927, 2931, 2932, 2941, 2943, 2949, 2961, 2967, 2971, 2972, 2978, 2981, 2987, 2994, 2996, 3001, 3005, 3007, 3013, 3014, 3031, 3040, 3056, 3058, 3060, 3064, 3065, 3069, 3071, 3074, 3076, 3080, 3082, 3083, 3084, 3086, 3087, 3089, 3090, 3093, 3101, 3107, 3119, 3122, 3134, 3138, 3139, 3140, 3148, 3153, 3155, 3157, 3170, 3183, 3194, 3198, 3205, 3207, 3210, 3214, 3216, 3218, 3223, 3224, 3225, 3226, 3235, 3247, 3257, 3272, 3282, 3285, 3290, 3297, 3305, 3308, 3310, 3311, 3315, 3327, 3333, 3336, 3350, 3352, 3357, 3359, 3362, 3363, 3367, 3380, 3382, 3402, 3410, 3412, 3428, 3435, 3439, 3441, 3442, 3446, 3448, 3452, 3470, 3472, 3473, 3478, 3483, 3498, 3499, 3514, 3525, 3527, 3532, 3537, 3556, 3578, 3579, 3585, 3588, 3589, 3593, 3599, 3603, 3604, 3611, 3614, 3621, 3622, 3623, 3624, 3625, 3626, 3627, 3628, 3629, 3630, 3631, 3632, 3633, 3634, 3635, 3636, 3637, 3638, 3639, 3640, 3641, 3642, 3643, 3645, 3648, 3649, 3650, 3651, 3652, 3658, 3659, 3660, 3663, 3664, 3669, 3672, 3676, 3677, 3683, 3684, 3685, 3686, 3687, 3688, 3690, 3691, 3692, 3693, 3694, 3698, 3703, 3704, 3711, 3719, 3724, 3727, 3735, 3745, 3753, 3759, 3767, 3786, 3799, 3800, 3801, 3814, 3817, 3826, 3828, 3830, 3836, 3864, 3871, 3877, 3881, 3890, 3893, 3896, 3910, 3921, 3927, 3933, 3934, 3943, 3944, 3945, 3955, 3957, 3978, 3987, 3991, 3994
Identifying common channels ...
Need more than one channel to make topography for eeg. Disabling interactivity.
Identifying common channels ...
